<?xml version="1.0" encoding="UTF-8"?>
<testsuite name="ValidateParamTest" tests="1" skipped="0" failures="0" errors="0" timestamp="2021-06-21T09:46:11" hostname="MIKHAILOV-NB3" time="0.17">
  <properties/>
  <testcase name="negativeDistanceTest()" classname="ValidateParamTest" time="0.17"/>
  <system-out><![CDATA[]]></system-out>
  <system-err><![CDATA[]]></system-err>
</testsuite>
